7;4;wQ;1. e4 h5 2. d4 b5 3. g3 e6 4. e5 d5 5. f4 f5 6. b4 g6 7. a3 c6 8. h4 a6 9. c3 c5 10. dxc5 d4 11. cxd4 g5 12. c6 gxf4 13. c7 f3 14. c8=Q
7;4;bQ;1. e4 e5 2. h4 b5 3. a3 a5 4. b4 axb4 5. axb4 h5 6. g3 d6 7. d3 c5 8. c3 cxb4 9. cxb4 g6 10. f4 f6 11. f5 gxf5 12. exf5 d5 13. g4 hxg4 14. h5 g3 15. h6 g2 16. h7 g1=Q
7;4;bQ;1. b4 e5 2. g4 b5 3. a3 c6 4. f3 h6 5. e4 g5 6. c3 d5 7. d3 a6 8. h3 dxe4 9. dxe4 f6 10. f4 gxf4 11. g5 fxg5 12. h4 f3 13. c4 f2 14. cxb5 f1=Q
7;4;bQ;1. d4 f5 2. b4 d5 3. f4 b5 4. g3 a6 5. e3 g6 6. a3 c6 7. h4 e6 8. c3 h5 9. c4 dxc4 10. d5 cxd5 11. e4 c3 12. exf5 c2 13. f6 c1=Q
7;4;wQ;1. e4 a5 2. h4 c5 3. g4 e5 4. a4 d6 5. c4 g6 6. g5 b6 7. d3 b5 8. cxb5 c4 9. dxc4 d5 10. b6 h5 11. b7 d4 12. b8=Q
4;5;bQ;1. f4 d5 2. b4 h5 3. d4 b5 4. g3 f5 5. h4 a6 6. c3 e6 7. a3 g6 8. e3 c6 9. e4 dxe4 10. d5 cxd5 11. c4 e3 12. g4 e2 13. gxh5 e1=Q
5;4;bQ;1. b4 b5 2. e4 e5 3. g4 g5 4. h3 h6 5. c3 d6 6. a3 c5 7. d3 a6 8. f3 cxb4 9. cxb4 f6 10. h4 gxh4 11. g5 fxg5 12. a4 h3 13. a5 h2 14. d4 h1=Q
5;4;wQ;1. g4 b5 2. h4 d5 3. e3 h6 4. b3 g5 5. hxg5 hxg5 6. d4 a5 7. f4 gxf4 8. exf4 f6 9. g5 fxg5 10. fxg5 a4 11. g6 a3 12. g7 e5 13. g8=Q
5;4;w;1. a4 f5 2. b4 h5 3. h4 c6 4. a5 a6 5. d4 d5 6. g3 e6 7. e3 g6 8. f4 c5 9. dxc5 g5 10. hxg5 d4 11. exd4 h4 12. gxh4 b6 13. cxb6 e5 14. dxe5
5;4;bQ;1. c4 a5 2. f4 h5 3. d4 f5 4. h4 a4 5. a3 g6 6. g3 e6 7. c5 b5 8. cxb6 cxb6 9. d5 exd5 10. e3 d6 11. g4 hxg4 12. h5 gxh5 13. e4 g3 14. b4 g2 15. e5 g1=Q
5;4;b;1. h4 h5 2. e4 b5 3. b4 e5 4. f3 c6 5. d3 d5 6. a3 g6 7. c3 f5 8. g3 a6 9. exd5 cxd5 10. f4 d4 11. cxd4 exd4 12. g4 hxg4 13. h5 gxh5 14. a4 bxa4 15. b5 axb5
5;4;bQ;1. d4 b5 2. e4 g5 3. f3 e6 4. g4 a5 5. c3 d5 6. exd5 exd5 7. a3 a4 8. h3 h6 9. h4 gxh4 10. g5 hxg5 11. c4 h3 12. b3 h2 13. f4 h1=Q
5;4;b;1. c4 h5 2. a4 c5 3. f4 f5 4. e3 a5 5. b3 g6 6. h4 d6 7. d3 e5 8. g3 e4 9. dxe4 fxe4 10. f5 gxf5 11. b4 cxb4 12. c5 dxc5 13. g4 fxg4
5;4;wQ;1. g4 b5 2. f4 a5 3. d4 d5 4. a3 g6 5. h3 f5 6. g5 e6 7. b4 a4 8. c3 c6 9. e3 c5 10. dxc5 d4 11. exd4 e5 12. c6 h6 13. c7 h5 14. c8=Q
5;4;bQ;1. c4 e5 2. h4 f5 3. b4 h5 4. g3 a6 5. e3 b5 6. c5 c6 7. f4 e4 8. a3 g6 9. g4 hxg4 10. h5 gxh5 11. a4 g3 12. d3 g2 13. axb5 g1=Q
5;4;bQ;1. e4 g5 2. g4 b5 3. b4 e5 4. a3 a6 5. f3 h6 6. d3 c6 7. c4 d6 8. c5 dxc5 9. bxc5 a5 10. h3 f6 11. d4 exd4 12. e5 fxe5 13. h4 d3 14. h5 d2 15. a4 d1=Q
4;5;wQ;1. g4 b5 2. h4 c5 3. a3 g6 4. b4 cxb4 5. axb4 h5 6. gxh5 gxh5 7. f4 d5 8. c3 e6 9. e3 a6 10. d3 f6 11. e4 f5 12. e5 d4 13. cxd4 a5 14. bxa5 b4 15. a6 b3 16. a7 b2 17. a8=Q
4;5;b;1. e4 c5 2. g4 b5 3. f4 a6 4. h4 f6 5. d3 e5 6. fxe5 fxe5 7. c4 b4 8. b3 d6 9. h5 h6 10. g5 hxg5 11. d4 exd4 12. h6 gxh6 13. e5 dxe5 14. a3 a5 15. axb4 axb4
4;5;bQ;1. g4 g5 2. a4 a5 3. c4 e5 4. e4 c5 5. h3 d6 6. b3 h6 7. f3 b6 8. d3 f6 9. h4 gxh4 10. g5 fxg5 11. d4 h3 12. dxe5 h2 13. exd6 h1=Q
4;5;wQ;1. c4 f5 2. d4 h5 3. a4 c6 4. b4 d5 5. cxd5 cxd5 6. h4 e6 7. e3 a6 8. a5 f4 9. exf4 g6 10. g3 g5 11. fxg5 e5 12. g6 exd4 13. g7 b6 14. g8=Q
4;5;w;1. e4 a5 2. g4 c5 3. h4 d6 4. c4 e5 5. a4 b6 6. f3 h6 7. d3 g5 8. h5 f6 9. b3 b5 10. cxb5 c4 11. dxc4 f5 12. b6 d5 13. cxd5 fxe4 14. fxe4
